# JRE version: OpenJDK Runtime Environment (16.0+36) (build 16+36-2231)
# Java VM: OpenJDK 64-Bit Server VM (16+36-2231, mixed mode, sharing, tiered, compressed oops, g1 gc, windows-amd64)
GC Precious Log:
 CPUs: 8 total, 8 available
 Memory: 8072M
 Large Page Support: Disabled
 NUMA Support: Disabled
 Compressed Oops: Enabled (32-bit)
 Heap Region Size: 1M
 Heap Min Capacity: 8M
 Heap Initial Capacity: 128M
 Heap Max Capacity: 2020M
 Pre-touch: Disabled
 Parallel Workers: 8
 Concurrent Workers: 2
 Concurrent Refinement Workers: 8
 Periodic GC: Disabled
Heap:
 garbage-first heap   total 131072K, used 63875K [0x0000000081c00000, 0x0000000100000000)
  region size 1024K, 1 young (1024K), 1 survivors (1024K)
 Metaspace       used 56557K, committed 56960K, reserved 1097728K
  class space    used 7778K, committed 8000K, reserved 1048576K
GC Heap History (20 events):
Event: 11.693 GC heap after
{Heap after GC invocations=14 (full 0):
 garbage-first heap   total 61440K, used 25729K [0x0000000081c00000, 0x0000000100000000)
  region size 1024K, 4 young (4096K), 4 survivors (4096K)
 Metaspace       used 47138K, committed 47616K, reserved 1089536K
  class space    used 6641K, committed 6848K, reserved 1048576K
}
Event: 13.761 GC heap before
{Heap before GC invocations=14 (full 0):
 garbage-first heap   total 61440K, used 47233K [0x0000000081c00000, 0x0000000100000000)
  region size 1024K, 26 young (26624K), 4 survivors (4096K)
 Metaspace       used 51014K, committed 51456K, reserved 1097728K
  class space    used 7147K, committed 7360K, reserved 1048576K
}
Event: 13.772 GC heap after
{Heap after GC invocations=15 (full 0):
 garbage-first heap   total 61440K, used 28636K [0x0000000081c00000, 0x0000000100000000)
  region size 1024K, 3 young (3072K), 3 survivors (3072K)
 Metaspace       used 51014K, committed 51456K, reserved 1097728K
  class space    used 7147K, committed 7360K, reserved 1048576K
}
Event: 281.055 GC heap before
{Heap before GC invocations=15 (full 0):
 garbage-first heap   total 61440K, used 47068K [0x0000000081c00000, 0x0000000100000000)
  region size 1024K, 22 young (22528K), 3 survivors (3072K)
 Metaspace       used 54793K, committed 55232K, reserved 1097728K
  class space    used 7587K, committed 7808K, reserved 1048576K
}
Event: 281.212 GC heap after
{Heap after GC invocations=16 (full 0):
 garbage-first heap   total 61440K, used 30358K [0x0000000081c00000, 0x0000000100000000)
  region size 1024K, 2 young (2048K), 2 survivors (2048K)
 Metaspace       used 54793K, committed 55232K, reserved 1097728K
  class space    used 7587K, committed 7808K, reserved 1048576K
}
Event: 287.274 GC heap before
{Heap before GC invocations=16 (full 0):
 garbage-first heap   total 61440K, used 34454K [0x0000000081c00000, 0x0000000100000000)
  region size 1024K, 8 young (8192K), 2 survivors (2048K)
 Metaspace       used 56411K, committed 56768K, reserved 1097728K
  class space    used 7768K, committed 7936K, reserved 1048576K
}
Event: 287.299 GC heap after
{Heap after GC invocations=17 (full 0):
 garbage-first heap   total 61440K, used 31253K [0x0000000081c00000, 0x0000000100000000)
  region size 1024K, 1 young (1024K), 1 survivors (1024K)
 Metaspace       used 56411K, committed 56768K, reserved 1097728K
  class space    used 7768K, committed 7936K, reserved 1048576K
}
Event: 287.385 GC heap before
{Heap before GC invocations=17 (full 0):
 garbage-first heap   total 66560K, used 65045K [0x0000000081c00000, 0x0000000100000000)
  region size 1024K, 2 young (2048K), 1 survivors (1024K)
 Metaspace       used 56553K, committed 56960K, reserved 1097728K
  class space    used 7778K, committed 8000K, reserved 1048576K
}
Event: 287.387 GC heap after
{Heap after GC invocations=18 (full 0):
 garbage-first heap   total 67584K, used 63909K [0x0000000081c00000, 0x0000000100000000)
  region size 1024K, 1 young (1024K), 1 survivors (1024K)
 Metaspace       used 56553K, committed 56960K, reserved 1097728K
  class space    used 7778K, committed 8000K, reserved 1048576K
}
Event: 287.403 GC heap before
{Heap before GC invocations=18 (full 0):
 garbage-first heap   total 67584K, used 65957K [0x0000000081c00000, 0x0000000100000000)
  region size 1024K, 3 young (3072K), 1 survivors (1024K)
 Metaspace       used 56557K, committed 56960K, reserved 1097728K
  class space    used 7778K, committed 8000K, reserved 1048576K
}
Event: 287.406 GC heap after
{Heap after GC invocations=19 (full 0):
 garbage-first heap   total 68608K, used 63915K [0x0000000081c00000, 0x0000000100000000)
  region size 1024K, 1 young (1024K), 1 survivors (1024K)
 Metaspace       used 56557K, committed 56960K, reserved 1097728K
  class space    used 7778K, committed 8000K, reserved 1048576K
}
Event: 287.420 GC heap before
{Heap before GC invocations=19 (full 0):
 garbage-first heap   total 68608K, used 65963K [0x0000000081c00000, 0x0000000100000000)
  region size 1024K, 3 young (3072K), 1 survivors (1024K)
 Metaspace       used 56557K, committed 56960K, reserved 1097728K
  class space    used 7778K, committed 8000K, reserved 1048576K
}
Event: 287.422 GC heap after
{Heap after GC invocations=20 (full 0):
 garbage-first heap   total 68608K, used 63907K [0x0000000081c00000, 0x0000000100000000)
  region size 1024K, 1 young (1024K), 1 survivors (1024K)
 Metaspace       used 56557K, committed 56960K, reserved 1097728K
  class space    used 7778K, committed 8000K, reserved 1048576K
}
Event: 287.427 GC heap before
{Heap before GC invocations=20 (full 0):
 garbage-first heap   total 68608K, used 65955K [0x0000000081c00000, 0x0000000100000000)
  region size 1024K, 3 young (3072K), 1 survivors (1024K)
 Metaspace       used 56557K, committed 56960K, reserved 1097728K
  class space    used 7778K, committed 8000K, reserved 1048576K
}
Event: 287.429 GC heap after
{Heap after GC invocations=21 (full 0):
 garbage-first heap   total 68608K, used 63895K [0x0000000081c00000, 0x0000000100000000)
  region size 1024K, 1 young (1024K), 1 survivors (1024K)
 Metaspace       used 56557K, committed 56960K, reserved 1097728K
  class space    used 7778K, committed 8000K, reserved 1048576K
}
Event: 287.434 GC heap before
{Heap before GC invocations=21 (full 0):
 garbage-first heap   total 68608K, used 65943K [0x0000000081c00000, 0x0000000100000000)
  region size 1024K, 3 young (3072K), 1 survivors (1024K)
 Metaspace       used 56557K, committed 56960K, reserved 1097728K
  class space    used 7778K, committed 8000K, reserved 1048576K
}
Event: 287.435 GC heap after
{Heap after GC invocations=22 (full 0):
 garbage-first heap   total 68608K, used 63890K [0x0000000081c00000, 0x0000000100000000)
  region size 1024K, 1 young (1024K), 1 survivors (1024K)
 Metaspace       used 56557K, committed 56960K, reserved 1097728K
  class space    used 7778K, committed 8000K, reserved 1048576K
}
Event: 287.444 GC heap before
{Heap before GC invocations=22 (full 0):
 garbage-first heap   total 68608K, used 65938K [0x0000000081c00000, 0x0000000100000000)
  region size 1024K, 3 young (3072K), 1 survivors (1024K)
 Metaspace       used 56557K, committed 56960K, reserved 1097728K
  class space    used 7778K, committed 8000K, reserved 1048576K
}
Event: 287.445 GC heap after
{Heap after GC invocations=23 (full 0):
 garbage-first heap   total 68608K, used 63886K [0x0000000081c00000, 0x0000000100000000)
  region size 1024K, 1 young (1024K), 1 survivors (1024K)
 Metaspace       used 56557K, committed 56960K, reserved 1097728K
  class space    used 7778K, committed 8000K, reserved 1048576K
}
Event: 287.455 GC heap before
{Heap before GC invocations=23 (full 0):
 garbage-first heap   total 68608K, used 65934K [0x0000000081c00000, 0x0000000100000000)
  region size 1024K, 3 young (3072K), 1 survivors (1024K)
 Metaspace       used 56557K, committed 56960K, reserved 1097728K
  class space    used 7778K, committed 8000K, reserved 1048576K
}

